{"level":"warn","message":"URL: /favicon.ico - Method: GET"}
{"level":"warn","message":"URL: /favicon.ico - Method: GET"}
{"level":"error","message":"Hubo un error al obtener los datos"}
{"level":"error","message":"Hubo un error al buscar"}
{"level":"error","message":"Hubo un error al buscar"}
{"level":"error","message":"Hubo un error al guardar"}
{"level":"error","message":"Hubo un error al guardar"}
{"level":"error","message":"Hubo un error al guardar"}
{"level":"error","message":"Hubo un error al guardar"}
{"level":"error","message":"Hubo un error al guardar"}
{"level":"error","message":"Hubo un error al guardar"}
{"level":"error","message":"Hubo un error al guardar"}
{"level":"error","message":"Hubo un error al guardar"}
{"level":"error","message":"Hubo un error al guardar"}
{"level":"error","message":"Hubo un error al guardar"}
{"level":"error","message":"Hubo un error al guardar"}
{"level":"error","message":"Hubo un error al guardar"}
{"level":"error","message":"Hubo un error al guardar"}
{"level":"error","message":"Hubo un error al guardar"}
{"level":"error","message":"Hubo un error al guardar"}
{"level":"error","message":"Hubo un error al guardar"}
{"level":"error","message":"Hubo un error al guardar"}
{"level":"error","message":"Hubo un error al guardar"}
{"level":"error","message":"Hubo un error al obtener los datos"}
{"level":"error","message":"Hubo un error al obtener los datos"}
{"level":"error","message":"Hubo un error al obtener los datos"}
{"level":"error","message":"Hubo un error al obtener los datos"}
{"level":"error","message":"Hubo un error al obtener los datos"}
{"level":"error","message":"Hubo un error al obtener los datos"}
{"level":"error","message":"Hubo un error al obtener los datos"}
{"level":"error","message":"Hubo un error al obtener los datos"}
{"level":"error","message":"Hubo un error al obtener los datos"}
{"level":"error","message":"Hubo un error al obtener los datos"}
{"level":"error","message":"Hubo un error al obtener los datos"}
{"level":"error","message":"Hubo un error al obtener los datos"}
{"level":"error","message":"Hubo un error al guardar"}
{"level":"error","message":"Hubo un error al guardar"}
{"level":"error","message":"Hubo un error al guardar"}
{"level":"error","message":"Hubo un error al guardar"}
{"level":"error","message":"Hubo un error al obtener los datos"}
{"level":"error","message":"Hubo un error al obtener los datos"}
{"level":"error","message":"Hubo un error al obtener los datos"}
{"level":"error","message":"Hubo un error al obtener los datos"}
{"level":"warn","message":"URL: /api/menajes/63872b96dafd1464cbfaf330 - Method: DELETE"}
{"level":"warn","message":"URL: /api/menajes/63872b96dafd1464cbfaf330 - Method: DELETE"}
{"level":"warn","message":"URL: /api/menajes/63872b96dafd1464cbfaf330 - Method: DELETE"}
{"level":"warn","message":"URL: /api/menajes/63872b96dafd1464cbfaf330 - Method: DELETE"}
{"level":"warn","message":"URL: /api/menajes/63872b96dafd1464cbfaf330 - Method: DELETE"}
{"level":"warn","message":"URL: /api/menajes/63872b96dafd1464cbfaf330 - Method: DELETE"}
{"level":"warn","message":"URL: /api/menajes/63872b96dafd1464cbfaf330 - Method: DELETE"}
{"level":"warn","message":"URL: /api/menajes/63872b96dafd1464cbfaf330 - Method: DELETE"}
{"level":"warn","message":"URL: /api/menajes/63872b96dafd1464cbfaf330 - Method: DELETE"}
{"level":"warn","message":"URL: /api/menajes/63872b96dafd1464cbfaf330 - Method: DELETE"}
{"level":"warn","message":"URL: /api/menajes/63872b96dafd1464cbfaf330 - Method: DELETE"}
{"level":"warn","message":"URL: /api/menajes/63872b96dafd1464cbfaf330 - Method: HEAD"}
{"level":"warn","message":"URL: /api/mensajes?id=63872b96dafd1464cbfaf330 - Method: DELETE"}
{"level":"warn","message":"URL: /api/mensajes?id=63872b96dafd1464cbfaf330 - Method: DELETE"}
{"level":"warn","message":"URL: /api/mensajes?id=63872b96dafd1464cbfaf330 - Method: DELETE"}
{"level":"warn","message":"URL: /api/mensajes?id=63872b96dafd1464cbfaf330 - Method: DELETE"}
{"level":"warn","message":"URL: /wafgdf - Method: GET"}
